NVFORTRAN-S-0074-Illegal number or type of arguments to get_command_argument - keyword argument *value (main.f90: 11)
  0 inform,   0 warnings,   1 severes, 0 fatal for acc_dot
Done writing strong-scaling.sh.
Done generating strong scaling script
Running:  srun -n 20 ./main 1000000000 .
[OpenACC] n=1000000000  sum=999999980.408909678459  time=3.782 s
[OpenACC] n=1000000000  sum=999999980.408909678459  time=3.782 s
[OpenACC] n=1000000000  sum=999999980.408909678459  time=3.807 s
[OpenACC] n=1000000000  sum=999999980.408909678459  time=3.844 s
[OpenACC] n=1000000000  sum=999999980.408909678459  time=3.799 s
[OpenACC] n=1000000000  sum=999999980.408909678459  time=3.832 s
[OpenACC] n=1000000000  sum=999999980.408909678459  time=3.962 s
[OpenACC] n=1000000000  sum=999999980.408909678459  time=3.966 s
[OpenACC] n=1000000000  sum=999999980.408909678459  time=3.963 s
[OpenACC] n=1000000000  sum=999999980.408909678459  time=3.964 s
[OpenACC] n=1000000000  sum=999999980.408909678459  time=3.944 s
[OpenACC] n=1000000000  sum=999999980.408909678459  time=3.942 s
[OpenACC] n=1000000000  sum=999999980.408909678459  time=4.004 s
[OpenACC] n=1000000000  sum=999999980.408909678459  time=4.004 s
[OpenACC] n=1000000000  sum=999999980.408909678459  time=3.978 s
[OpenACC] n=1000000000  sum=999999980.408909678459  time=3.979 s
[OpenACC] n=1000000000  sum=999999980.408909678459  time=4.005 s
[OpenACC] n=1000000000  sum=999999980.408909678459  time=4.008 s
[OpenACC] n=1000000000  sum=999999980.408909678459  time=4.016 s
[OpenACC] n=1000000000  sum=999999980.408909678459  time=4.031 s
Done in 4.491740559227765 seconds.


Running:  srun -n 50 ./main 1000000000 .
[OpenACC] n=1000000000  sum=999999980.408909678459  time=4.631 s
[OpenACC] n=1000000000  sum=999999980.408909678459  time=4.644 s
[OpenACC] n=1000000000  sum=999999980.408909678459  time=4.651 s
[OpenACC] n=1000000000  sum=999999980.408909678459  time=4.654 s
[OpenACC] n=1000000000  sum=999999980.408909678459  time=4.660 s
[OpenACC] n=1000000000  sum=999999980.408909678459  time=4.663 s
[OpenACC] n=1000000000  sum=999999980.408909678459  time=4.658 s
[OpenACC] n=1000000000  sum=999999980.408909678459  time=4.678 s
[OpenACC] n=1000000000  sum=999999980.408909678459  time=4.721 s
[OpenACC] n=1000000000  sum=999999980.408909678459  time=4.613 s
[OpenACC] n=1000000000  sum=999999980.408909678459  time=4.617 s
[OpenACC] n=1000000000  sum=999999980.408909678459  time=4.739 s
[OpenACC] n=1000000000  sum=999999980.408909678459  time=4.668 s
[OpenACC] n=1000000000  sum=999999980.408909678459  time=4.620 s
[OpenACC] n=1000000000  sum=999999980.408909678459  time=4.632 s
[OpenACC] n=1000000000  sum=999999980.408909678459  time=4.766 s
[OpenACC] n=1000000000  sum=999999980.408909678459  time=4.654 s
[OpenACC] n=1000000000  sum=999999980.408909678459  time=4.652 s
[OpenACC] n=1000000000  sum=999999980.408909678459  time=4.697 s
[OpenACC] n=1000000000  sum=999999980.408909678459  time=4.703 s
[OpenACC] n=1000000000  sum=999999980.408909678459  time=4.703 s
[OpenACC] n=1000000000  sum=999999980.408909678459  time=4.653 s
[OpenACC] n=1000000000  sum=999999980.408909678459  time=4.656 s
[OpenACC] n=1000000000  sum=999999980.408909678459  time=4.739 s
[OpenACC] n=1000000000  sum=999999980.408909678459  time=4.698 s
[OpenACC] n=1000000000  sum=999999980.408909678459  time=4.699 s
[OpenACC] n=1000000000  sum=999999980.408909678459  time=4.723 s
[OpenACC] n=1000000000  sum=999999980.408909678459  time=4.713 s
[OpenACC] n=1000000000  sum=999999980.408909678459  time=4.735 s
[OpenACC] n=1000000000  sum=999999980.408909678459  time=4.740 s
[OpenACC] n=1000000000  sum=999999980.408909678459  time=4.793 s
[OpenACC] n=1000000000  sum=999999980.408909678459  time=4.719 s
[OpenACC] n=1000000000  sum=999999980.408909678459  time=4.754 s
[OpenACC] n=1000000000  sum=999999980.408909678459  time=4.731 s
[OpenACC] n=1000000000  sum=999999980.408909678459  time=4.811 s
[OpenACC] n=1000000000  sum=999999980.408909678459  time=4.758 s
[OpenACC] n=1000000000  sum=999999980.408909678459  time=4.760 s
[OpenACC] n=1000000000  sum=999999980.408909678459  time=4.823 s
[OpenACC] n=1000000000  sum=999999980.408909678459  time=4.880 s
[OpenACC] n=1000000000  sum=999999980.408909678459  time=4.851 s
[OpenACC] n=1000000000  sum=999999980.408909678459  time=5.361 s
[OpenACC] n=1000000000  sum=999999980.408909678459  time=5.248 s
[OpenACC] n=1000000000  sum=999999980.408909678459  time=5.584 s
[OpenACC] n=1000000000  sum=999999980.408909678459  time=5.614 s
[OpenACC] n=1000000000  sum=999999980.408909678459  time=5.657 s
[OpenACC] n=1000000000  sum=999999980.408909678459  time=5.922 s
[OpenACC] n=1000000000  sum=999999980.408909678459  time=6.187 s
[OpenACC] n=1000000000  sum=999999980.408909678459  time=6.241 s
[OpenACC] n=1000000000  sum=999999980.408909678459  time=6.323 s
[OpenACC] n=1000000000  sum=999999980.408909678459  time=6.903 s
Done in 7.4011382579337806 seconds.


Running:  srun -n 100 ./main 1000000000 .
slurmstepd: error: Detected 1 oom_kill event in StepId=42429016.18. Some of the step tasks have been OOM Killed.
slurmstepd: error: Detected 1 oom_kill event in StepId=42429016.18. Some of the step tasks have been OOM Killed.
srun: error: nid001233: task 88: Out Of Memory
srun: Terminating StepId=42429016.18
slurmstepd: error: Detected 1 oom_kill event in StepId=42429016.18. Some of the step tasks have been OOM Killed.
slurmstepd: error: Detected 1 oom_kill event in StepId=42429016.18. Some of the step tasks have been OOM Killed.
slurmstepd: error: *** STEP 42429016.18 ON nid001228 CANCELLED AT 2025-09-04T08:40:03 ***
Done in 9.771095111966133 seconds.


Running:  srun -n 120 ./main 1000000000 .
slurmstepd: error: Detected 1 oom_kill event in StepId=42429016.19. Some of the step tasks have been OOM Killed.
slurmstepd: error: Detected 1 oom_kill event in StepId=42429016.19. Some of the step tasks have been OOM Killed.
srun: error: nid001233: task 103: Out Of Memory
srun: Terminating StepId=42429016.19
